 Starting a kernel build using exynos9820-beyondx_defconfig 
arch/arm64/configs/exynos9820-beyondx_defconfig:4287:warning: override: reassigning to symbol USB_CONFIGFS_MASS_STORAGE
#
# configuration written to .config
#
scripts/kconfig/conf  --silentoldconfig Kconfig
  CHK     include/config/kernel.release
  CHK     include/generated/uapi/linux/version.h
  CHK     include/generated/utsrelease.h
  CHK     scripts/mod/devicetable-offsets.h
  CHK     include/generated/timeconst.h
  CHK     include/generated/bounds.h
  CHK     include/generated/asm-offsets.h
  CALL    scripts/checksyscalls.sh
  CHK     include/generated/compile.h
  GZIP    kernel/config_data.gz
  CHK     kernel/config_data.h
  AR      drivers/vision/npu/built-in.o
  AR      drivers/vision/built-in.o
  AR      drivers/built-in.o
  GEN     .version
  CHK     include/generated/compile.h
  UPD     include/generated/compile.h
  CC      init/version.o
  AR      init/built-in.o
  AR      built-in.o
  LD      vmlinux.o
  MODPOST vmlinux.o
WARNING: vmlinux: 'fpsensor_goto_suspend' exported twice. Previous export was in vmlinux
WARNING: vmlinux: 'fpsensor_goto_suspend' exported twice. Previous export was in vmlinux
WARNING: modpost: Found 6 section mismatch(es).
To see full details build your kernel with:
'make CONFIG_DEBUG_SECTION_MISMATCH=y'
  KSYM    .tmp_kallsyms1.o
  KSYM    .tmp_kallsyms2.o
  LD      vmlinux
  SORTEX  vmlinux
  SYSMAP  System.map
  FIPS : Generating hmac of crypto and updating vmlinux... 
HMAC for "crypto" module is: b'7422d159112cc3ae1a0bdbc63d0a7f6f744945d64b8988022a3f7f3cf1433c14'
FIPS integrity procedure has been finished for crypto
  FIPS : Generating hmac of fmp and updating vmlinux... 
HMAC for "fmp" module is: b'2cab7c9807a58936219c4307f004fe5024b9d9d8c3d5aed34b96056947d8d673'
FIPS integrity procedure has been finished for fmp
  OBJCOPY arch/arm64/boot/Image
  Building modules, stage 2.
  MODPOST 0 modules
WARNING: vmlinux: 'fpsensor_goto_suspend' exported twice. Previous export was in vmlinux
WARNING: vmlinux: 'fpsensor_goto_suspend' exported twice. Previous export was in vmlinux
  GZIP    arch/arm64/boot/Image.gz
 Finished kernel build
[H[2J[3J 
Android Image Kitchen - RepackImg Script
by osm0sis @ xda-developers
 
Warning: Overwriting existing files!
 
Packing ramdisk...
 
Warning: Using cpio 2.13 may result in an unusable repack; downgrade to 2.12 to be safe!
 
Using compression: gzip
 
Getting build information...
kernel = boot.img-kernel
cmdline = androidboot.selinux=permissive androidboot.selinux=permissive loop.max_part=7
board = SRPSC04B011KU
base = 0x10000000
pagesize = 2048
kernel_offset = 0x00008000
ramdisk_offset = 0x01000000
second_offset = 0xf0000000
tags_offset = 0x00000100
os_version = 13.0.0
os_patch_level = 2023-03
header_version = 1
hashtype = sha1
 
Building image...
 
Using format: AOSP
 
Done!
rm: invalid option -- 'b'
Try 'rm --help' for more information.
  adding: dtbo.img (deflated 81%)
  adding: dtb.img (deflated 81%)
  adding: boot.img (deflated 64%)
  adding: META-INF/ (stored 0%)
  adding: META-INF/com/ (stored 0%)
  adding: META-INF/com/google/ (stored 0%)
  adding: META-INF/com/google/android/ (stored 0%)
  adding: META-INF/com/google/android/update-binary (deflated 53%)
  adding: META-INF/com/google/android/updater-script (deflated 61%)
Total compile time was 44 seconds
